Removing directory that conflicts with file: C:\Users\Poop\Documents\GitHub\AICO\AICO\hardware\cpu
Removing directory that conflicts with file: C:\Users\Poop\Documents\GitHub\AICO\AICO\hardware\ram
Removing directory that conflicts with file: C:\Users\Poop\Documents\GitHub\AICO\AICO\hardware\gpu
Removing directory that conflicts with file: C:\Users\Poop\Documents\GitHub\AICO\AICO\hardware\storage\os_drive
Removing directory that conflicts with file: C:\Users\Poop\Documents\GitHub\AICO\AICO\hardware\storage\baremetal_drive
Removing directory that conflicts with file: C:\Users\Poop\Documents\GitHub\AICO\AICO\hardware\storage\artifact_archive
Removing directory that conflicts with file: C:\Users\Poop\Documents\GitHub\AICO\AICO\subsystems\controller\metaphor
Removing directory that conflicts with file: C:\Users\Poop\Documents\GitHub\AICO\AICO\subsystems\controller\role
Removing directory that conflicts with file: C:\Users\Poop\Documents\GitHub\AICO\AICO\subsystems\nervous_system\role
Removing directory that conflicts with file: C:\Users\Poop\Documents\GitHub\AICO\AICO\subsystems\nervous_system\artifact
Removing directory that conflicts with file: C:\Users\Poop\Documents\GitHub\AICO\AICO\subsystems\comms\role
Removing directory that conflicts with file: C:\Users\Poop\Documents\GitHub\AICO\AICO\subsystems\comms\artifact
Removing directory that conflicts with file: C:\Users\Poop\Documents\GitHub\AICO\AICO\subsystems\introspection\role
Removing directory that conflicts with file: C:\Users\Poop\Documents\GitHub\AICO\AICO\subsystems\introspection\artifact
Removing directory that conflicts with file: C:\Users\Poop\Documents\GitHub\AICO\AICO\subsystems\mascot\metronome
Removing directory that conflicts with file: C:\Users\Poop\Documents\GitHub\AICO\AICO\subsystems\mascot\constraints
Removing directory that conflicts with file: C:\Users\Poop\Documents\GitHub\AICO\AICO\artifacts\quantum_hallucination\time_scale
Removing directory that conflicts with file: C:\Users\Poop\Documents\GitHub\AICO\AICO\artifacts\quantum_hallucination\discipline
Removing directory that conflicts with file: C:\Users\Poop\Documents\GitHub\AICO\AICO\artifacts\ego_death\principle
Removing directory that conflicts with file: C:\Users\Poop\Documents\GitHub\AICO\AICO\artifacts\ego_death\mascot_role
Removing directory that conflicts with file: C:\Users\Poop\Documents\GitHub\AICO\AICO\artifacts\ego_death\containment
Removing directory that conflicts with file: C:\Users\Poop\Documents\GitHub\AICO\AICO\artifacts\mascot_defense\shield
Removing directory that conflicts with file: C:\Users\Poop\Documents\GitHub\AICO\AICO\artifacts\mascot_defense\warning
Removing directory that conflicts with file: C:\Users\Poop\Documents\GitHub\AICO\AICO\artifacts\housekeeping\indexing
Removing directory that conflicts with file: C:\Users\Poop\Documents\GitHub\AICO\AICO\artifacts\housekeeping\mascot_role
Removing directory that conflicts with file: C:\Users\Poop\Documents\GitHub\AICO\AICO\artifacts\snapshot_lifecycle\early
Removing directory that conflicts with file: C:\Users\Poop\Documents\GitHub\AICO\AICO\artifacts\snapshot_lifecycle\middle
Removing directory that conflicts with file: C:\Users\Poop\Documents\GitHub\AICO\AICO\artifacts\snapshot_lifecycle\late
Removing directory that conflicts with file: C:\Users\Poop\Documents\GitHub\AICO\AICO\artifacts\snapshot_lifecycle\translation
Removing directory that conflicts with file: C:\Users\Poop\Documents\GitHub\AICO\AICO\artifacts\primal_library\definition
Removing directory that conflicts with file: C:\Users\Poop\Documents\GitHub\AICO\AICO\artifacts\primal_library\tiers\indefinite
Removing directory that conflicts with file: C:\Users\Poop\Documents\GitHub\AICO\AICO\artifacts\primal_library\tiers\rotating
Removing directory that conflicts with file: C:\Users\Poop\Documents\GitHub\AICO\AICO\artifacts\primal_library\tiers\quarantine
Removing directory that conflicts with file: C:\Users\Poop\Documents\GitHub\AICO\AICO\artifacts\primal_library\mascot_role
Removing directory that conflicts with file: C:\Users\Poop\Documents\GitHub\AICO\AICO\artifacts\dual_metronomes\principle
Removing directory that conflicts with file: C:\Users\Poop\Documents\GitHub\AICO\AICO\artifacts\dual_metronomes\tolerance
Removing directory that conflicts with file: C:\Users\Poop\Documents\GitHub\AICO\AICO\artifacts\dual_metronomes\correction\meditation
Removing directory that conflicts with file: C:\Users\Poop\Documents\GitHub\AICO\AICO\artifacts\dual_metronomes\correction\snatch_back
Removing directory that conflicts with file: C:\Users\Poop\Documents\GitHub\AICO\AICO\artifacts\dual_metronomes\mascot_role
Restore complete.
